[2023-04-03 05:23:02] This is codeql database index-files --include-extension=.xml --include-extension=.wsdd --size-limit 10m --language xml -- /Users/seckeep/PycharmProjects/JavaAudit/database/lowsec
[2023-04-03 05:23:02] Log file was started late.
[2023-04-03 05:23:02] Using index-files script /Users/seckeep/codeql/xml/tools/index-files.sh.
[2023-04-03 05:23:02] [PROGRESS] database index-files> Scanning for files in /Users/seckeep/IdeaProjects/lowsec...
[2023-04-03 05:23:02] Calling plumbing command: codeql resolve files --include-extension=.xml --include-extension=.wsdd --size-limit=10m /Users/seckeep/IdeaProjects/lowsec --format=json
[2023-04-03 05:23:03] [PROGRESS] resolve files> Scanning /Users/seckeep/IdeaProjects/lowsec...
[2023-04-03 05:23:03] [PROGRESS] resolve files> Scanning /Users/seckeep/IdeaProjects/lowsec/tools...
[2023-04-03 05:23:03] [PROGRESS] resolve files> Scanning /Users/seckeep/IdeaProjects/lowsec/target...
[2023-04-03 05:23:03] [PROGRESS] resolve files> Scanning /Users/seckeep/IdeaProjects/lowsec/target/generated-sources...
[2023-04-03 05:23:03] [PROGRESS] resolve files> Scanning /Users/seckeep/IdeaProjects/lowsec/target/generated-sources/annotations...
[2023-04-03 05:23:03] [PROGRESS] resolve files> Scanning /Users/seckeep/IdeaProjects/lowsec/target/classes...
[2023-04-03 05:23:03] [PROGRESS] resolve files> Scanning /Users/seckeep/IdeaProjects/lowsec/target/classes/config...
[2023-04-03 05:23:03] [PROGRESS] resolve files> Scanning /Users/seckeep/IdeaProjects/lowsec/target/classes/com...
[2023-04-03 05:23:03] [PROGRESS] resolve files> Scanning /Users/seckeep/IdeaProjects/lowsec/target/classes/com/seckeep...
[2023-04-03 05:23:03] [PROGRESS] resolve files> Scanning /Users/seckeep/IdeaProjects/lowsec/target/classes/com/seckeep/models...
[2023-04-03 05:23:03] [PROGRESS] resolve files> Scanning /Users/seckeep/IdeaProjects/lowsec/target/classes/com/seckeep/controllers...
[2023-04-03 05:23:03] [PROGRESS] resolve files> Scanning /Users/seckeep/IdeaProjects/lowsec/target/classes/com/seckeep/tool...
[2023-04-03 05:23:03] [PROGRESS] resolve files> Scanning /Users/seckeep/IdeaProjects/lowsec/target/classes/sql...
[2023-04-03 05:23:03] [PROGRESS] resolve files> Scanning /Users/seckeep/IdeaProjects/lowsec/target/maven-status...
[2023-04-03 05:23:03] [PROGRESS] resolve files> Scanning /Users/seckeep/IdeaProjects/lowsec/target/maven-status/maven-compiler-plugin...
[2023-04-03 05:23:03] [PROGRESS] resolve files> Scanning /Users/seckeep/IdeaProjects/lowsec/target/maven-status/maven-compiler-plugin/compile...
[2023-04-03 05:23:03] [PROGRESS] resolve files> Scanning /Users/seckeep/IdeaProjects/lowsec/target/maven-status/maven-compiler-plugin/compile/default-compile...
[2023-04-03 05:23:03] [PROGRESS] resolve files> Scanning /Users/seckeep/IdeaProjects/lowsec/target/maven-archiver...
[2023-04-03 05:23:03] [PROGRESS] resolve files> Scanning /Users/seckeep/IdeaProjects/lowsec/target/lowsec...
[2023-04-03 05:23:03] [PROGRESS] resolve files> Scanning /Users/seckeep/IdeaProjects/lowsec/target/lowsec/res...
[2023-04-03 05:23:03] [PROGRESS] resolve files> Scanning /Users/seckeep/IdeaProjects/lowsec/target/lowsec/res/css...
[2023-04-03 05:23:03] [PROGRESS] resolve files> Scanning /Users/seckeep/IdeaProjects/lowsec/target/lowsec/META-INF...
[2023-04-03 05:23:03] [PROGRESS] resolve files> Scanning /Users/seckeep/IdeaProjects/lowsec/target/lowsec/WEB-INF...
[2023-04-03 05:23:03] [PROGRESS] resolve files> Scanning /Users/seckeep/IdeaProjects/lowsec/target/lowsec/WEB-INF/note...
[2023-04-03 05:23:03] [PROGRESS] resolve files> Scanning /Users/seckeep/IdeaProjects/lowsec/target/lowsec/WEB-INF/ssrf...
[2023-04-03 05:23:03] [PROGRESS] resolve files> Scanning /Users/seckeep/IdeaProjects/lowsec/target/lowsec/WEB-INF/unser...
[2023-04-03 05:23:03] [PROGRESS] resolve files> Scanning /Users/seckeep/IdeaProjects/lowsec/target/lowsec/WEB-INF/upshell...
[2023-04-03 05:23:03] [PROGRESS] resolve files> Scanning /Users/seckeep/IdeaProjects/lowsec/target/lowsec/WEB-INF/post...
[2023-04-03 05:23:03] [PROGRESS] resolve files> Scanning /Users/seckeep/IdeaProjects/lowsec/target/lowsec/WEB-INF/xxe...
[2023-04-03 05:23:03] [PROGRESS] resolve files> Scanning /Users/seckeep/IdeaProjects/lowsec/target/lowsec/WEB-INF/repost...
[2023-04-03 05:23:03] [PROGRESS] resolve files> Scanning /Users/seckeep/IdeaProjects/lowsec/target/lowsec/WEB-INF/classes...
[2023-04-03 05:23:03] [PROGRESS] resolve files> Scanning /Users/seckeep/IdeaProjects/lowsec/target/lowsec/WEB-INF/classes/config...
[2023-04-03 05:23:03] [PROGRESS] resolve files> Scanning /Users/seckeep/IdeaProjects/lowsec/target/lowsec/WEB-INF/classes/com...
[2023-04-03 05:23:03] [PROGRESS] resolve files> Scanning /Users/seckeep/IdeaProjects/lowsec/target/lowsec/WEB-INF/classes/com/seckeep...
[2023-04-03 05:23:03] [PROGRESS] resolve files> Scanning /Users/seckeep/IdeaProjects/lowsec/target/lowsec/WEB-INF/classes/com/seckeep/models...
[2023-04-03 05:23:03] [PROGRESS] resolve files> Scanning /Users/seckeep/IdeaProjects/lowsec/target/lowsec/WEB-INF/classes/com/seckeep/controllers...
[2023-04-03 05:23:03] [PROGRESS] resolve files> Scanning /Users/seckeep/IdeaProjects/lowsec/target/lowsec/WEB-INF/classes/com/seckeep/tool...
[2023-04-03 05:23:03] [PROGRESS] resolve files> Scanning /Users/seckeep/IdeaProjects/lowsec/target/lowsec/WEB-INF/classes/sql...
[2023-04-03 05:23:03] [PROGRESS] resolve files> Scanning /Users/seckeep/IdeaProjects/lowsec/target/lowsec/WEB-INF/user...
[2023-04-03 05:23:03] [PROGRESS] resolve files> Scanning /Users/seckeep/IdeaProjects/lowsec/target/lowsec/WEB-INF/csrf...
[2023-04-03 05:23:03] [PROGRESS] resolve files> Scanning /Users/seckeep/IdeaProjects/lowsec/target/lowsec/WEB-INF/public...
[2023-04-03 05:23:03] [PROGRESS] resolve files> Scanning /Users/seckeep/IdeaProjects/lowsec/target/lowsec/WEB-INF/lib...
[2023-04-03 05:23:03] [PROGRESS] resolve files> Scanning /Users/seckeep/IdeaProjects/lowsec/target/lowsec/WEB-INF/command...
[2023-04-03 05:23:03] [PROGRESS] resolve files> Scanning /Users/seckeep/IdeaProjects/lowsec/target/lowsec/WEB-INF/random...
[2023-04-03 05:23:03] [PROGRESS] resolve files> Scanning /Users/seckeep/IdeaProjects/lowsec/target/lowsec/WEB-INF/process...
[2023-04-03 05:23:03] [PROGRESS] resolve files> Scanning /Users/seckeep/IdeaProjects/lowsec/.git...
[2023-04-03 05:23:03] [PROGRESS] resolve files> Scanning /Users/seckeep/IdeaProjects/lowsec/.git/objects...
[2023-04-03 05:23:03] [PROGRESS] resolve files> Scanning /Users/seckeep/IdeaProjects/lowsec/.git/objects/61...
[2023-04-03 05:23:03] [PROGRESS] resolve files> Scanning /Users/seckeep/IdeaProjects/lowsec/.git/objects/95...
[2023-04-03 05:23:03] [PROGRESS] resolve files> Scanning /Users/seckeep/IdeaProjects/lowsec/.git/objects/59...
[2023-04-03 05:23:03] [PROGRESS] resolve files> Scanning /Users/seckeep/IdeaProjects/lowsec/.git/objects/92...
[2023-04-03 05:23:03] [PROGRESS] resolve files> Scanning /Users/seckeep/IdeaProjects/lowsec/.git/objects/50...
[2023-04-03 05:23:03] [PROGRESS] resolve files> Scanning /Users/seckeep/IdeaProjects/lowsec/.git/objects/57...
[2023-04-03 05:23:03] [PROGRESS] resolve files> Scanning /Users/seckeep/IdeaProjects/lowsec/.git/objects/3b...
[2023-04-03 05:23:03] [PROGRESS] resolve files> Scanning /Users/seckeep/IdeaProjects/lowsec/.git/objects/9b...
[2023-04-03 05:23:03] [PROGRESS] resolve files> Scanning /Users/seckeep/IdeaProjects/lowsec/.git/objects/9e...
[2023-04-03 05:23:03] [PROGRESS] resolve files> Scanning /Users/seckeep/IdeaProjects/lowsec/.git/objects/04...
[2023-04-03 05:23:03] [PROGRESS] resolve files> Scanning /Users/seckeep/IdeaProjects/lowsec/.git/objects/32...
[2023-04-03 05:23:03] [PROGRESS] resolve files> Scanning /Users/seckeep/IdeaProjects/lowsec/.git/objects/58...
[2023-04-03 05:23:03] [PROGRESS] resolve files> Scanning /Users/seckeep/IdeaProjects/lowsec/.git/objects/0b...
[2023-04-03 05:23:03] [PROGRESS] resolve files> Scanning /Users/seckeep/IdeaProjects/lowsec/.git/objects/60...
[2023-04-03 05:23:03] [PROGRESS] resolve files> Scanning /Users/seckeep/IdeaProjects/lowsec/.git/objects/34...
[2023-04-03 05:23:03] [PROGRESS] resolve files> Scanning /Users/seckeep/IdeaProjects/lowsec/.git/objects/05...
[2023-04-03 05:23:03] [PROGRESS] resolve files> Scanning /Users/seckeep/IdeaProjects/lowsec/.git/objects/9c...
[2023-04-03 05:23:03] [PROGRESS] resolve files> Scanning /Users/seckeep/IdeaProjects/lowsec/.git/objects/d9...
[2023-04-03 05:23:03] [PROGRESS] resolve files> Scanning /Users/seckeep/IdeaProjects/lowsec/.git/objects/ac...
[2023-04-03 05:23:03] [PROGRESS] resolve files> Scanning /Users/seckeep/IdeaProjects/lowsec/.git/objects/be...
[2023-04-03 05:23:03] [PROGRESS] resolve files> Scanning /Users/seckeep/IdeaProjects/lowsec/.git/objects/b3...
[2023-04-03 05:23:03] [PROGRESS] resolve files> Scanning /Users/seckeep/IdeaProjects/lowsec/.git/objects/da...
[2023-04-03 05:23:03] [PROGRESS] resolve files> Scanning /Users/seckeep/IdeaProjects/lowsec/.git/objects/b4...
[2023-04-03 05:23:03] [PROGRESS] resolve files> Scanning /Users/seckeep/IdeaProjects/lowsec/.git/objects/a5...
[2023-04-03 05:23:03] [PROGRESS] resolve files> Scanning /Users/seckeep/IdeaProjects/lowsec/.git/objects/d1...
[2023-04-03 05:23:03] [PROGRESS] resolve files> Scanning /Users/seckeep/IdeaProjects/lowsec/.git/objects/d8...
[2023-04-03 05:23:03] [PROGRESS] resolve files> Scanning /Users/seckeep/IdeaProjects/lowsec/.git/objects/e2...
[2023-04-03 05:23:03] [PROGRESS] resolve files> Scanning /Users/seckeep/IdeaProjects/lowsec/.git/objects/eb...
[2023-04-03 05:23:03] [PROGRESS] resolve files> Scanning /Users/seckeep/IdeaProjects/lowsec/.git/objects/c9...
[2023-04-03 05:23:03] [PROGRESS] resolve files> Scanning /Users/seckeep/IdeaProjects/lowsec/.git/objects/fd...
[2023-04-03 05:23:03] [PROGRESS] resolve files> Scanning /Users/seckeep/IdeaProjects/lowsec/.git/objects/e4...
[2023-04-03 05:23:03] [PROGRESS] resolve files> Scanning /Users/seckeep/IdeaProjects/lowsec/.git/objects/c8...
[2023-04-03 05:23:03] [PROGRESS] resolve files> Scanning /Users/seckeep/IdeaProjects/lowsec/.git/objects/fb...
[2023-04-03 05:23:03] [PROGRESS] resolve files> Scanning /Users/seckeep/IdeaProjects/lowsec/.git/objects/ed...
[2023-04-03 05:23:03] [PROGRESS] resolve files> Scanning /Users/seckeep/IdeaProjects/lowsec/.git/objects/c1...
[2023-04-03 05:23:03] [PROGRESS] resolve files> Scanning /Users/seckeep/IdeaProjects/lowsec/.git/objects/18...
[2023-04-03 05:23:03] [PROGRESS] resolve files> Scanning /Users/seckeep/IdeaProjects/lowsec/.git/objects/pack...
[2023-04-03 05:23:03] [PROGRESS] resolve files> Scanning /Users/seckeep/IdeaProjects/lowsec/.git/objects/11...
[2023-04-03 05:23:03] [PROGRESS] resolve files> Scanning /Users/seckeep/IdeaProjects/lowsec/.git/objects/29...
[2023-04-03 05:23:03] [PROGRESS] resolve files> Scanning /Users/seckeep/IdeaProjects/lowsec/.git/objects/7c...
[2023-04-03 05:23:03] [PROGRESS] resolve files> Scanning /Users/seckeep/IdeaProjects/lowsec/.git/objects/89...
[2023-04-03 05:23:03] [PROGRESS] resolve files> Scanning /Users/seckeep/IdeaProjects/lowsec/.git/objects/45...
[2023-04-03 05:23:03] [PROGRESS] resolve files> Scanning /Users/seckeep/IdeaProjects/lowsec/.git/objects/1a...
[2023-04-03 05:23:03] [PROGRESS] resolve files> Scanning /Users/seckeep/IdeaProjects/lowsec/.git/objects/7e...
[2023-04-03 05:23:03] [PROGRESS] resolve files> Scanning /Users/seckeep/IdeaProjects/lowsec/.git/objects/10...
[2023-04-03 05:23:03] [PROGRESS] resolve files> Scanning /Users/seckeep/IdeaProjects/lowsec/.git/objects/19...
[2023-04-03 05:23:03] [PROGRESS] resolve files> Scanning /Users/seckeep/IdeaProjects/lowsec/.git/objects/4c...
[2023-04-03 05:23:03] [PROGRESS] resolve files> Scanning /Users/seckeep/IdeaProjects/lowsec/.git/objects/26...
[2023-04-03 05:23:03] [PROGRESS] resolve files> Scanning /Users/seckeep/IdeaProjects/lowsec/.git/objects/75...
[2023-04-03 05:23:03] [PROGRESS] resolve files> Scanning /Users/seckeep/IdeaProjects/lowsec/.git/objects/72...
[2023-04-03 05:23:03] [PROGRESS] resolve files> Scanning /Users/seckeep/IdeaProjects/lowsec/.git/objects/88...
[2023-04-03 05:23:03] [PROGRESS] resolve files> Scanning /Users/seckeep/IdeaProjects/lowsec/.git/objects/9f...
[2023-04-03 05:23:03] [PROGRESS] resolve files> Scanning /Users/seckeep/IdeaProjects/lowsec/.git/objects/9a...
[2023-04-03 05:23:03] [PROGRESS] resolve files> Scanning /Users/seckeep/IdeaProjects/lowsec/.git/objects/36...
[2023-04-03 05:23:03] [PROGRESS] resolve files> Scanning /Users/seckeep/IdeaProjects/lowsec/.git/objects/09...
[2023-04-03 05:23:03] [PROGRESS] resolve files> Scanning /Users/seckeep/IdeaProjects/lowsec/.git/objects/info...
[2023-04-03 05:23:03] [PROGRESS] resolve files> Scanning /Users/seckeep/IdeaProjects/lowsec/.git/objects/62...
[2023-04-03 05:23:03] [PROGRESS] resolve files> Scanning /Users/seckeep/IdeaProjects/lowsec/.git/objects/98...
[2023-04-03 05:23:03] [PROGRESS] resolve files> Scanning /Users/seckeep/IdeaProjects/lowsec/.git/objects/53...
[2023-04-03 05:23:03] [PROGRESS] resolve files> Scanning /Users/seckeep/IdeaProjects/lowsec/.git/objects/30...
[2023-04-03 05:23:03] [PROGRESS] resolve files> Scanning /Users/seckeep/IdeaProjects/lowsec/.git/objects/08...
[2023-04-03 05:23:03] [PROGRESS] resolve files> Scanning /Users/seckeep/IdeaProjects/lowsec/.git/objects/6d...
[2023-04-03 05:23:03] [PROGRESS] resolve files> Scanning /Users/seckeep/IdeaProjects/lowsec/.git/objects/06...
[2023-04-03 05:23:03] [PROGRESS] resolve files> Scanning /Users/seckeep/IdeaProjects/lowsec/.git/objects/97...
[2023-04-03 05:23:03] [PROGRESS] resolve files> Scanning /Users/seckeep/IdeaProjects/lowsec/.git/objects/0a...
[2023-04-03 05:23:03] [PROGRESS] resolve files> Scanning /Users/seckeep/IdeaProjects/lowsec/.git/objects/d3...
[2023-04-03 05:23:03] [PROGRESS] resolve files> Scanning /Users/seckeep/IdeaProjects/lowsec/.git/objects/d4...
[2023-04-03 05:23:03] [PROGRESS] resolve files> Scanning /Users/seckeep/IdeaProjects/lowsec/.git/objects/ba...
[2023-04-03 05:23:03] [PROGRESS] resolve files> Scanning /Users/seckeep/IdeaProjects/lowsec/.git/objects/b8...
[2023-04-03 05:23:03] [PROGRESS] resolve files> Scanning /Users/seckeep/IdeaProjects/lowsec/.git/objects/b1...
[2023-04-03 05:23:03] [PROGRESS] resolve files> Scanning /Users/seckeep/IdeaProjects/lowsec/.git/objects/dd...
[2023-04-03 05:23:03] [PROGRESS] resolve files> Scanning /Users/seckeep/IdeaProjects/lowsec/.git/objects/b6...
[2023-04-03 05:23:03] [PROGRESS] resolve files> Scanning /Users/seckeep/IdeaProjects/lowsec/.git/objects/aa...
[2023-04-03 05:23:03] [PROGRESS] resolve files> Scanning /Users/seckeep/IdeaProjects/lowsec/.git/objects/b7...
[2023-04-03 05:23:03] [PROGRESS] resolve files> Scanning /Users/seckeep/IdeaProjects/lowsec/.git/objects/db...
[2023-04-03 05:23:03] [PROGRESS] resolve files> Scanning /Users/seckeep/IdeaProjects/lowsec/.git/objects/b9...
[2023-04-03 05:23:03] [PROGRESS] resolve files> Scanning /Users/seckeep/IdeaProjects/lowsec/.git/objects/ef...
[2023-04-03 05:23:03] [PROGRESS] resolve files> Scanning /Users/seckeep/IdeaProjects/lowsec/.git/objects/c3...
[2023-04-03 05:23:03] [PROGRESS] resolve files> Scanning /Users/seckeep/IdeaProjects/lowsec/.git/objects/c4...
[2023-04-03 05:23:03] [PROGRESS] resolve files> Scanning /Users/seckeep/IdeaProjects/lowsec/.git/objects/ea...
[2023-04-03 05:23:03] [PROGRESS] resolve files> Scanning /Users/seckeep/IdeaProjects/lowsec/.git/objects/e6...
[2023-04-03 05:23:03] [PROGRESS] resolve files> Scanning /Users/seckeep/IdeaProjects/lowsec/.git/objects/f9...
[2023-04-03 05:23:03] [PROGRESS] resolve files> Scanning /Users/seckeep/IdeaProjects/lowsec/.git/objects/f0...
[2023-04-03 05:23:03] [PROGRESS] resolve files> Scanning /Users/seckeep/IdeaProjects/lowsec/.git/objects/e8...
[2023-04-03 05:23:03] [PROGRESS] resolve files> Scanning /Users/seckeep/IdeaProjects/lowsec/.git/objects/c5...
[2023-04-03 05:23:03] [PROGRESS] resolve files> Scanning /Users/seckeep/IdeaProjects/lowsec/.git/objects/c2...
[2023-04-03 05:23:03] [PROGRESS] resolve files> Scanning /Users/seckeep/IdeaProjects/lowsec/.git/objects/e9...
[2023-04-03 05:23:03] [PROGRESS] resolve files> Scanning /Users/seckeep/IdeaProjects/lowsec/.git/objects/f1...
[2023-04-03 05:23:03] [PROGRESS] resolve files> Scanning /Users/seckeep/IdeaProjects/lowsec/.git/objects/cb...
[2023-04-03 05:23:03] [PROGRESS] resolve files> Scanning /Users/seckeep/IdeaProjects/lowsec/.git/objects/ce...
[2023-04-03 05:23:03] [PROGRESS] resolve files> Scanning /Users/seckeep/IdeaProjects/lowsec/.git/objects/e0...
[2023-04-03 05:23:03] [PROGRESS] resolve files> Scanning /Users/seckeep/IdeaProjects/lowsec/.git/objects/46...
[2023-04-03 05:23:03] [PROGRESS] resolve files> Scanning /Users/seckeep/IdeaProjects/lowsec/.git/objects/2c...
[2023-04-03 05:23:03] [PROGRESS] resolve files> Scanning /Users/seckeep/IdeaProjects/lowsec/.git/objects/41...
[2023-04-03 05:23:03] [PROGRESS] resolve files> Scanning /Users/seckeep/IdeaProjects/lowsec/.git/objects/1b...
[2023-04-03 05:23:03] [PROGRESS] resolve files> Scanning /Users/seckeep/IdeaProjects/lowsec/.git/objects/77...
[2023-04-03 05:23:03] [PROGRESS] resolve files> Scanning /Users/seckeep/IdeaProjects/lowsec/.git/objects/48...
[2023-04-03 05:23:03] [PROGRESS] resolve files> Scanning /Users/seckeep/IdeaProjects/lowsec/.git/objects/23...
[2023-04-03 05:23:03] [PROGRESS] resolve files> Scanning /Users/seckeep/IdeaProjects/lowsec/.git/objects/4f...
[2023-04-03 05:23:03] [PROGRESS] resolve files> Scanning /Users/seckeep/IdeaProjects/lowsec/.git/objects/8d...
[2023-04-03 05:23:03] [PROGRESS] resolve files> Scanning /Users/seckeep/IdeaProjects/lowsec/.git/objects/15...
[2023-04-03 05:23:03] [PROGRESS] resolve files> Scanning /Users/seckeep/IdeaProjects/lowsec/.git/objects/85...
[2023-04-03 05:23:03] [PROGRESS] resolve files> Scanning /Users/seckeep/IdeaProjects/lowsec/.git/objects/1c...
[2023-04-03 05:23:03] [PROGRESS] resolve files> Scanning /Users/seckeep/IdeaProjects/lowsec/.git/objects/82...
[2023-04-03 05:23:03] [PROGRESS] resolve files> Scanning /Users/seckeep/IdeaProjects/lowsec/.git/objects/40...
[2023-04-03 05:23:03] [PROGRESS] resolve files> Scanning /Users/seckeep/IdeaProjects/lowsec/.git/objects/2e...
[2023-04-03 05:23:03] [PROGRESS] resolve files> Scanning /Users/seckeep/IdeaProjects/lowsec/.git/objects/2b...
[2023-04-03 05:23:03] [PROGRESS] resolve files> Scanning /Users/seckeep/IdeaProjects/lowsec/.git/objects/47...
[2023-04-03 05:23:03] [PROGRESS] resolve files> Scanning /Users/seckeep/IdeaProjects/lowsec/.git/objects/78...
[2023-04-03 05:23:03] [PROGRESS] resolve files> Scanning /Users/seckeep/IdeaProjects/lowsec/.git/objects/8b...
[2023-04-03 05:23:03] [PROGRESS] resolve files> Scanning /Users/seckeep/IdeaProjects/lowsec/.git/objects/14...
[2023-04-03 05:23:03] [PROGRESS] resolve files> Scanning /Users/seckeep/IdeaProjects/lowsec/.git/info...
[2023-04-03 05:23:03] [PROGRESS] resolve files> Scanning /Users/seckeep/IdeaProjects/lowsec/.git/logs...
[2023-04-03 05:23:03] [PROGRESS] resolve files> Scanning /Users/seckeep/IdeaProjects/lowsec/.git/logs/refs...
[2023-04-03 05:23:03] [PROGRESS] resolve files> Scanning /Users/seckeep/IdeaProjects/lowsec/.git/logs/refs/heads...
[2023-04-03 05:23:03] [PROGRESS] resolve files> Scanning /Users/seckeep/IdeaProjects/lowsec/.git/logs/refs/remotes...
[2023-04-03 05:23:03] [PROGRESS] resolve files> Scanning /Users/seckeep/IdeaProjects/lowsec/.git/logs/refs/remotes/origin...
[2023-04-03 05:23:03] [PROGRESS] resolve files> Scanning /Users/seckeep/IdeaProjects/lowsec/.git/hooks...
[2023-04-03 05:23:03] [PROGRESS] resolve files> Scanning /Users/seckeep/IdeaProjects/lowsec/.git/refs...
[2023-04-03 05:23:03] [PROGRESS] resolve files> Scanning /Users/seckeep/IdeaProjects/lowsec/.git/refs/heads...
[2023-04-03 05:23:03] [PROGRESS] resolve files> Scanning /Users/seckeep/IdeaProjects/lowsec/.git/refs/tags...
[2023-04-03 05:23:03] [PROGRESS] resolve files> Scanning /Users/seckeep/IdeaProjects/lowsec/.git/refs/remotes...
[2023-04-03 05:23:03] [PROGRESS] resolve files> Scanning /Users/seckeep/IdeaProjects/lowsec/.git/refs/remotes/origin...
[2023-04-03 05:23:03] [PROGRESS] resolve files> Scanning /Users/seckeep/IdeaProjects/lowsec/.idea...
[2023-04-03 05:23:03] [PROGRESS] resolve files> Scanning /Users/seckeep/IdeaProjects/lowsec/.idea/codeStyles...
[2023-04-03 05:23:03] [PROGRESS] resolve files> Scanning /Users/seckeep/IdeaProjects/lowsec/.idea/libraries...
[2023-04-03 05:23:03] [PROGRESS] resolve files> Scanning /Users/seckeep/IdeaProjects/lowsec/.idea/dictionaries...
[2023-04-03 05:23:03] [PROGRESS] resolve files> Scanning /Users/seckeep/IdeaProjects/lowsec/src...
[2023-04-03 05:23:03] [PROGRESS] resolve files> Scanning /Users/seckeep/IdeaProjects/lowsec/src/main...
[2023-04-03 05:23:03] [PROGRESS] resolve files> Scanning /Users/seckeep/IdeaProjects/lowsec/src/main/resources...
[2023-04-03 05:23:03] [PROGRESS] resolve files> Scanning /Users/seckeep/IdeaProjects/lowsec/src/main/resources/config...
[2023-04-03 05:23:03] [PROGRESS] resolve files> Scanning /Users/seckeep/IdeaProjects/lowsec/src/main/resources/sql...
[2023-04-03 05:23:03] [PROGRESS] resolve files> Scanning /Users/seckeep/IdeaProjects/lowsec/src/main/webapp...
[2023-04-03 05:23:03] [PROGRESS] resolve files> Scanning /Users/seckeep/IdeaProjects/lowsec/src/main/webapp/res...
[2023-04-03 05:23:03] [PROGRESS] resolve files> Scanning /Users/seckeep/IdeaProjects/lowsec/src/main/webapp/res/css...
[2023-04-03 05:23:03] [PROGRESS] resolve files> Scanning /Users/seckeep/IdeaProjects/lowsec/src/main/webapp/META-INF...
[2023-04-03 05:23:03] [PROGRESS] resolve files> Scanning /Users/seckeep/IdeaProjects/lowsec/src/main/webapp/WEB-INF...
[2023-04-03 05:23:03] [PROGRESS] resolve files> Scanning /Users/seckeep/IdeaProjects/lowsec/src/main/webapp/WEB-INF/note...
[2023-04-03 05:23:03] [PROGRESS] resolve files> Scanning /Users/seckeep/IdeaProjects/lowsec/src/main/webapp/WEB-INF/ssrf...
[2023-04-03 05:23:03] [PROGRESS] resolve files> Scanning /Users/seckeep/IdeaProjects/lowsec/src/main/webapp/WEB-INF/unser...
[2023-04-03 05:23:03] [PROGRESS] resolve files> Scanning /Users/seckeep/IdeaProjects/lowsec/src/main/webapp/WEB-INF/upshell...
[2023-04-03 05:23:03] [PROGRESS] resolve files> Scanning /Users/seckeep/IdeaProjects/lowsec/src/main/webapp/WEB-INF/post...
[2023-04-03 05:23:03] [PROGRESS] resolve files> Scanning /Users/seckeep/IdeaProjects/lowsec/src/main/webapp/WEB-INF/xxe...
[2023-04-03 05:23:03] [PROGRESS] resolve files> Scanning /Users/seckeep/IdeaProjects/lowsec/src/main/webapp/WEB-INF/repost...
[2023-04-03 05:23:03] [PROGRESS] resolve files> Scanning /Users/seckeep/IdeaProjects/lowsec/src/main/webapp/WEB-INF/user...
[2023-04-03 05:23:03] [PROGRESS] resolve files> Scanning /Users/seckeep/IdeaProjects/lowsec/src/main/webapp/WEB-INF/csrf...
[2023-04-03 05:23:03] [PROGRESS] resolve files> Scanning /Users/seckeep/IdeaProjects/lowsec/src/main/webapp/WEB-INF/public...
[2023-04-03 05:23:03] [PROGRESS] resolve files> Scanning /Users/seckeep/IdeaProjects/lowsec/src/main/webapp/WEB-INF/command...
[2023-04-03 05:23:03] [PROGRESS] resolve files> Scanning /Users/seckeep/IdeaProjects/lowsec/src/main/webapp/WEB-INF/random...
[2023-04-03 05:23:03] [PROGRESS] resolve files> Scanning /Users/seckeep/IdeaProjects/lowsec/src/main/webapp/WEB-INF/process...
[2023-04-03 05:23:03] [PROGRESS] resolve files> Scanning /Users/seckeep/IdeaProjects/lowsec/src/main/java...
[2023-04-03 05:23:03] [PROGRESS] resolve files> Scanning /Users/seckeep/IdeaProjects/lowsec/src/main/java/com...
[2023-04-03 05:23:03] [PROGRESS] resolve files> Scanning /Users/seckeep/IdeaProjects/lowsec/src/main/java/com/seckeep...
[2023-04-03 05:23:03] [PROGRESS] resolve files> Scanning /Users/seckeep/IdeaProjects/lowsec/src/main/java/com/seckeep/models...
[2023-04-03 05:23:03] [PROGRESS] resolve files> Scanning /Users/seckeep/IdeaProjects/lowsec/src/main/java/com/seckeep/controllers...
[2023-04-03 05:23:03] [PROGRESS] resolve files> Scanning /Users/seckeep/IdeaProjects/lowsec/src/main/java/com/seckeep/tool...
[2023-04-03 05:23:03] Plumbing command codeql resolve files completed:
                      [
                        "/Users/seckeep/IdeaProjects/lowsec/tools/xxe.xml",
                        "/Users/seckeep/IdeaProjects/lowsec/target/classes/config/mysql.xml",
                        "/Users/seckeep/IdeaProjects/lowsec/target/classes/config/view.xml",
                        "/Users/seckeep/IdeaProjects/lowsec/target/classes/sql/post.xml",
                        "/Users/seckeep/IdeaProjects/lowsec/target/classes/sql/user.xml",
                        "/Users/seckeep/IdeaProjects/lowsec/target/classes/sql/repost.xml",
                        "/Users/seckeep/IdeaProjects/lowsec/target/lowsec/WEB-INF/classes/config/mysql.xml",
                        "/Users/seckeep/IdeaProjects/lowsec/target/lowsec/WEB-INF/classes/config/view.xml",
                        "/Users/seckeep/IdeaProjects/lowsec/target/lowsec/WEB-INF/classes/sql/post.xml",
                        "/Users/seckeep/IdeaProjects/lowsec/target/lowsec/WEB-INF/classes/sql/user.xml",
                        "/Users/seckeep/IdeaProjects/lowsec/target/lowsec/WEB-INF/classes/sql/repost.xml",
                        "/Users/seckeep/IdeaProjects/lowsec/target/lowsec/WEB-INF/web.xml",
                        "/Users/seckeep/IdeaProjects/lowsec/pom.xml",
                        "/Users/seckeep/IdeaProjects/lowsec/.idea/uiDesigner.xml",
                        "/Users/seckeep/IdeaProjects/lowsec/.idea/jarRepositories.xml",
                        "/Users/seckeep/IdeaProjects/lowsec/.idea/codeStyles/codeStyleConfig.xml",
                        "/Users/seckeep/IdeaProjects/lowsec/.idea/libraries/Maven__org_apache_maven_maven_artifact_3_6_2.xml",
                        "/Users/seckeep/IdeaProjects/lowsec/.idea/libraries/Maven__org_apache_maven_maven_settings_builder_3_6_2.xml",
                        "/Users/seckeep/IdeaProjects/lowsec/.idea/libraries/Maven__org_apache_struts_struts_taglib_1_3_8.xml",
                        "/Users/seckeep/IdeaProjects/lowsec/.idea/libraries/Maven__xml_apis_xml_apis_ext_1_3_04.xml",
                        "/Users/seckeep/IdeaProjects/lowsec/.idea/libraries/Maven__javax_json_javax_json_api_1_1_4.xml",
                        "/Users/seckeep/IdeaProjects/lowsec/.idea/libraries/Maven__org_springframework_spring_tx_4_0_0_RELEASE.xml",
                        "/Users/seckeep/IdeaProjects/lowsec/.idea/libraries/Maven__org_apache_velocity_velocity_tools_2_0.xml",
                        "/Users/seckeep/IdeaProjects/lowsec/.idea/libraries/Maven__org_apache_maven_resolver_maven_resolver_impl_1_4_1.xml",
                        "/Users/seckeep/IdeaProjects/lowsec/.idea/libraries/Maven__org_codehaus_plexus_plexus_interpolation_1_25.xml",
                        "/Users/seckeep/IdeaProjects/lowsec/.idea/libraries/Maven__oro_oro_2_0_8.xml",
                        "/Users/seckeep/IdeaProjects/lowsec/.idea/libraries/Maven__org_apache_struts_struts_core_1_3_8.xml",
                        "/Users/seckeep/IdeaProjects/lowsec/.idea/libraries/Maven__xml_apis_xml_apis_1_0_b2.xml",
                        "/Users/seckeep/IdeaProjects/lowsec/.idea/libraries/Maven__org_mybatis_mybatis_3_2_7.xml",
                        "/Users/seckeep/IdeaProjects/lowsec/.idea/libraries/Maven__org_apache_maven_maven_plugin_api_3_6_2.xml",
                        "/Users/seckeep/IdeaProjects/lowsec/.idea/libraries/Maven__com_google_code_findbugs_jsr305_3_0_2.xml",
                        "/Users/seckeep/IdeaProjects/lowsec/.idea/libraries/Maven__org_apache_maven_maven_builder_support_3_6_2.xml",
                        "/Users/seckeep/IdeaProjects/lowsec/.idea/libraries/Maven__commons_codec_commons_codec_1_2.xml",
                        "/Users/seckeep/IdeaProjects/lowsec/.idea/libraries/Maven__javax_annotation_jsr250_api_1_0.xml",
                        "/Users/seckeep/IdeaProjects/lowsec/.idea/libraries/Maven__org_apache_maven_resolver_maven_resolver_spi_1_4_1.xml",
                        "/Users/seckeep/IdeaProjects/lowsec/.idea/libraries/Maven__com_alibaba_fastjson_1_2_24.xml",
                        "/Users/seckeep/IdeaProjects/lowsec/.idea/libraries/Maven__org_apache_maven_maven_model_3_6_2.xml",
                        "/Users/seckeep/IdeaProjects/lowsec/.idea/libraries/Maven__com_google_j2objc_j2objc_annotations_1_1.xml",
                        "/Users/seckeep/IdeaProjects/lowsec/.idea/libraries/Maven__org_apache_maven_shared_maven_shared_utils_3_2_1.xml",
                        "/Users/seckeep/IdeaProjects/lowsec/.idea/libraries/Maven__org_apache_xmlgraphics_batik_css_1_7.xml",
                        "/Users/seckeep/IdeaProjects/lowsec/.idea/libraries/Maven__org_hamcrest_hamcrest_core_1_3.xml",
                        "/Users/seckeep/IdeaProjects/lowsec/.idea/libraries/Maven__commons_lang_commons_lang_2_4.xml",
                        "/Users/seckeep/IdeaProjects/lowsec/.idea/libraries/Maven__org_codehaus_plexus_plexus_utils_3_2_1.xml",
                        "/Users/seckeep/IdeaProjects/lowsec/.idea/libraries/Maven__org_apache_maven_maven_repository_metadata_3_6_2.xml",
                        "/Users/seckeep/IdeaProjects/lowsec/.idea/libraries/Maven__commons_beanutils_commons_beanutils_1_7_0.xml",
                        "/Users/seckeep/IdeaProjects/lowsec/.idea/libraries/Maven__commons_collections_commons_collections_3_2_1.xml",
                        "/Users/seckeep/IdeaProjects/lowsec/.idea/libraries/Maven__com_google_guava_guava_25_1_android.xml",
                        "/Users/seckeep/IdeaProjects/lowsec/.idea/libraries/Maven__org_springframework_spring_context_4_0_0_RELEASE.xml",
                        "/Users/seckeep/IdeaProjects/lowsec/.idea/libraries/Maven__org_apache_maven_maven_core_3_6_2.xml",
                        "/Users/seckeep/IdeaProjects/lowsec/.idea/libraries/Maven__org_springframework_spring_webmvc_4_0_0_RELEASE.xml",
                        "/Users/seckeep/IdeaProjects/lowsec/.idea/libraries/Maven__javax_servlet_jstl_1_2.xml",
                        "/Users/seckeep/IdeaProjects/lowsec/.idea/libraries/Maven__hsqldb_hsqldb_1_8_0_7.xml",
                        "/Users/seckeep/IdeaProjects/lowsec/.idea/libraries/Maven__org_checkerframework_checker_compat_qual_2_0_0.xml",
                        "/Users/seckeep/IdeaProjects/lowsec/.idea/libraries/Maven__org_codehaus_plexus_plexus_component_annotations_2_0_0.xml",
                        "/Users/seckeep/IdeaProjects/lowsec/.idea/libraries/Maven__org_apache_commons_commons_lang3_3_4.xml",
                        "/Users/seckeep/IdeaProjects/lowsec/.idea/libraries/Maven__org_springframework_spring_core_4_0_0_RELEASE.xml",
                        "/Users/seckeep/IdeaProjects/lowsec/.idea/libraries/Maven__org_mybatis_mybatis_spring_1_2_2.xml",
                        "/Users/seckeep/IdeaProjects/lowsec/.idea/libraries/Maven__org_eclipse_sisu_org_eclipse_sisu_plexus_0_3_3.xml",
                        "/Users/seckeep/IdeaProjects/lowsec/.idea/libraries/Maven__commons_chain_commons_chain_1_1.xml",
                        "/Users/seckeep/IdeaProjects/lowsec/.idea/libraries/Maven__com_google_protobuf_protobuf_java_3_6_1.xml",
                        "/Users/seckeep/IdeaProjects/lowsec/.idea/libraries/Maven__org_springframework_spring_aop_4_0_0_RELEASE.xml",
                        "/Users/seckeep/IdeaProjects/lowsec/.idea/libraries/Maven__junit_junit_4_11.xml",
                        "/Users/seckeep/IdeaProjects/lowsec/.idea/libraries/Maven__org_springframework_spring_expression_4_0_0_RELEASE.xml",
                        "/Users/seckeep/IdeaProjects/lowsec/.idea/libraries/Maven__org_apache_xmlgraphics_batik_util_1_7.xml",
                        "/Users/seckeep/IdeaProjects/lowsec/.idea/libraries/Maven__org_springframework_spring_beans_4_0_0_RELEASE.xml",
                        "/Users/seckeep/IdeaProjects/lowsec/.idea/libraries/Maven__commons_logging_commons_logging_1_1.xml",
                        "/Users/seckeep/IdeaProjects/lowsec/.idea/libraries/Maven__com_google_inject_guice_no_aop_4_2_1.xml",
                        "/Users/seckeep/IdeaProjects/lowsec/.idea/libraries/Maven__net_sourceforge_nekohtml_nekohtml_1_9_16.xml",
                        "/Users/seckeep/IdeaProjects/lowsec/.idea/libraries/Maven__org_codehaus_plexus_plexus_classworlds_2_6_0.xml",
                        "/Users/seckeep/IdeaProjects/lowsec/.idea/libraries/Maven__xerces_xercesImpl_2_9_1.xml",
                        "/Users/seckeep/IdeaProjects/lowsec/.idea/libraries/Maven__org_apache_maven_resolver_maven_resolver_api_1_4_1.xml",
                        "/Users/seckeep/IdeaProjects/lowsec/.idea/libraries/Maven__org_springframework_spring_context_support_4_0_0_RELEASE.xml",
                        "/Users/seckeep/IdeaProjects/lowsec/.idea/libraries/Maven__xalan_xalan_2_7_0.xml",
                        "/Users/seckeep/IdeaProjects/lowsec/.idea/libraries/Maven__commons_httpclient_commons_httpclient_3_1.xml",
                        "/Users/seckeep/IdeaProjects/lowsec/.idea/libraries/Maven__org_apache_velocity_velocity_1_7.xml",
                        "/Users/seckeep/IdeaProjects/lowsec/.idea/libraries/Maven__commons_digester_commons_digester_1_8.xml",
                        "/Users/seckeep/IdeaProjects/lowsec/.idea/libraries/Maven__javax_inject_javax_inject_1.xml",
                        "/Users/seckeep/IdeaProjects/lowsec/.idea/libraries/Maven__commons_fileupload_commons_fileupload_1_3_1.xml",
                        "/Users/seckeep/IdeaProjects/lowsec/.idea/libraries/Maven__org_springframework_spring_jdbc_4_0_0_RELEASE.xml",
                        "/Users/seckeep/IdeaProjects/lowsec/.idea/libraries/Maven__dom4j_dom4j_1_1.xml",
                        "/Users/seckeep/IdeaProjects/lowsec/.idea/libraries/Maven__commons_validator_commons_validator_1_3_1.xml",
                        "/Users/seckeep/IdeaProjects/lowsec/.idea/libraries/Maven__sslext_sslext_1_2_0.xml",
                        "/Users/seckeep/IdeaProjects/lowsec/.idea/libraries/Maven__org_apache_maven_maven_model_builder_3_6_2.xml",
                        "/Users/seckeep/IdeaProjects/lowsec/.idea/libraries/Maven__org_slf4j_slf4j_api_1_7_25.xml",
                        "/Users/seckeep/IdeaProjects/lowsec/.idea/libraries/Maven__org_eclipse_sisu_org_eclipse_sisu_inject_0_3_3.xml",
                        "/Users/seckeep/IdeaProjects/lowsec/.idea/libraries/Maven__commons_io_commons_io_2_5.xml",
                        "/Users/seckeep/IdeaProjects/lowsec/.idea/libraries/Maven__org_springframework_spring_web_4_0_0_RELEASE.xml",
                        "/Users/seckeep/IdeaProjects/lowsec/.idea/libraries/Maven__org_sonatype_plexus_plexus_sec_dispatcher_1_4.xml",
                        "/Users/seckeep/IdeaProjects/lowsec/.idea/libraries/Maven__antlr_antlr_2_7_2.xml",
                        "/Users/seckeep/IdeaProjects/lowsec/.idea/libraries/Maven__com_alibaba_druid_1_1_20.xml",
                        "/Users/seckeep/IdeaProjects/lowsec/.idea/libraries/Maven__org_apache_struts_struts_tiles_1_3_8.xml",
                        "/Users/seckeep/IdeaProjects/lowsec/.idea/libraries/Maven__org_apache_xmlgraphics_batik_ext_1_7.xml",
                        "/Users/seckeep/IdeaProjects/lowsec/.idea/libraries/Maven__org_apache_maven_maven_settings_3_6_2.xml",
                        "/Users/seckeep/IdeaProjects/lowsec/.idea/libraries/Maven__org_apache_maven_maven_resolver_provider_3_6_2.xml",
                        "/Users/seckeep/IdeaProjects/lowsec/.idea/libraries/Maven__com_github_javaparser_javaparser_core_3_10_1.xml",
                        "/Users/seckeep/IdeaProjects/lowsec/.idea/libraries/Maven__org_owasp_antisamy_antisamy_1_5_3.xml",
                        "/Users/seckeep/IdeaProjects/lowsec/.idea/libraries/Maven__com_google_errorprone_error_prone_annotations_2_1_3.xml",
                        "/Users/seckeep/IdeaProjects/lowsec/.idea/libraries/Maven__mysql_mysql_connector_java_8_0_16.xml",
                        "/Users/seckeep/IdeaProjects/lowsec/.idea/libraries/Maven__org_apache_maven_resolver_maven_resolver_util_1_4_1.xml",
                        "/Users/seckeep/IdeaProjects/lowsec/.idea/libraries/Maven__javax_servlet_servlet_api_2_5.xml",
                        "/Users/seckeep/IdeaProjects/lowsec/.idea/libraries/Maven__com_github_javaparser_javaparser_core_serialization_3_10_1.xml",
                        "/Users/seckeep/IdeaProjects/lowsec/.idea/libraries/Maven__org_codehaus_mojo_animal_sniffer_annotations_1_14.xml",
                        "/Users/seckeep/IdeaProjects/lowsec/.idea/libraries/Maven__aopalliance_aopalliance_1_0.xml",
                        "/Users/seckeep/IdeaProjects/lowsec/.idea/libraries/Maven__org_sonatype_plexus_plexus_cipher_1_4.xml",
                        "/Users/seckeep/IdeaProjects/lowsec/.idea/libraries/Maven__javax_enterprise_cdi_api_1_0.xml",
                        "/Users/seckeep/IdeaProjects/lowsec/.idea/vcs.xml",
                        "/Users/seckeep/IdeaProjects/lowsec/.idea/workspace.xml",
                        "/Users/seckeep/IdeaProjects/lowsec/.idea/modules.xml",
                        "/Users/seckeep/IdeaProjects/lowsec/.idea/dictionaries/seckeep.xml",
                        "/Users/seckeep/IdeaProjects/lowsec/.idea/misc.xml",
                        "/Users/seckeep/IdeaProjects/lowsec/.idea/compiler.xml",
                        "/Users/seckeep/IdeaProjects/lowsec/.idea/sbt.xml",
                        "/Users/seckeep/IdeaProjects/lowsec/src/main/resources/config/mysql.xml",
                        "/Users/seckeep/IdeaProjects/lowsec/src/main/resources/config/view.xml",
                        "/Users/seckeep/IdeaProjects/lowsec/src/main/resources/sql/post.xml",
                        "/Users/seckeep/IdeaProjects/lowsec/src/main/resources/sql/user.xml",
                        "/Users/seckeep/IdeaProjects/lowsec/src/main/resources/sql/repost.xml",
                        "/Users/seckeep/IdeaProjects/lowsec/src/main/webapp/WEB-INF/web.xml"
                      ]
[2023-04-03 05:23:03] [DETAILS] database index-files> Found 118 files.
[2023-04-03 05:23:03] [PROGRESS] database index-files> /Users/seckeep/PycharmProjects/JavaAudit/database/lowsec: Indexing files in in /Users/seckeep/IdeaProjects/lowsec...
[2023-04-03 05:23:03] Using index-files script /Users/seckeep/codeql/xml/tools/index-files.sh.
[2023-04-03 05:23:03] [PROGRESS] database index-files> Running command in /Users/seckeep/IdeaProjects/lowsec: [/Users/seckeep/codeql/xml/tools/index-files.sh, /Users/seckeep/PycharmProjects/JavaAudit/database/lowsec/working/files-to-index14821670667914884210.list]
[2023-04-03 05:23:04] Terminating normally.
